0 info it worked if it ends with ok
1 verbose cli [ 'D:\\Program Files\\nodejs\\node.exe',
1 verbose cli   'D:\\Program Files\\nodejs\\node_modules\\npm\\bin\\npm-cli.js',
1 verbose cli   'i',
1 verbose cli   'bootstrap',
1 verbose cli   '--save-dev' ]
2 info using npm@2.14.7
3 info using node@v4.2.1
4 verbose install initial load of E:\pro6\07leinuo\knowfirst\leinuo\package.json
5 verbose installManyTop reading scoped package data from E:\pro6\07leinuo\knowfirst\leinuo\node_modules\browser-sync\package.json
6 verbose installManyTop reading scoped package data from E:\pro6\07leinuo\knowfirst\leinuo\node_modules\gulp\package.json
7 verbose installManyTop reading scoped package data from E:\pro6\07leinuo\knowfirst\leinuo\node_modules\gulp-changed\package.json
8 verbose installManyTop reading scoped package data from E:\pro6\07leinuo\knowfirst\leinuo\node_modules\gulp-clean\package.json
9 verbose installManyTop reading scoped package data from E:\pro6\07leinuo\knowfirst\leinuo\node_modules\gulp-less\package.json
10 verbose installManyTop reading scoped package data from E:\pro6\07leinuo\knowfirst\leinuo\node_modules\less-plugin-autoprefix\package.json
11 verbose installManyTop reading scoped package data from E:\pro6\07leinuo\knowfirst\leinuo\node_modules\less-plugin-clean-css\package.json
12 info package.json gulp-clean@0.3.1 No license field.
13 info package.json less-plugin-autoprefix@1.5.1 No license field.
14 info package.json less-plugin-clean-css@1.5.1 No license field.
15 verbose readDependencies loading dependencies from E:\pro6\07leinuo\knowfirst\leinuo\package.json
16 silly cache add args [ 'bootstrap', null ]
17 verbose cache add spec bootstrap
18 silly cache add parsed spec Result {
18 silly cache add   raw: 'bootstrap',
18 silly cache add   scope: null,
18 silly cache add   name: 'bootstrap',
18 silly cache add   rawSpec: '',
18 silly cache add   spec: '*',
18 silly cache add   type: 'range' }
19 silly addNamed bootstrap@*
20 verbose addNamed "*" is a valid semver range for bootstrap
21 silly addNameRange { name: 'bootstrap', range: '*', hasData: false }
22 silly mapToRegistry name bootstrap
23 silly mapToRegistry using default registry
24 silly mapToRegistry registry https://registry.npmjs.org/
25 silly mapToRegistry uri https://registry.npmjs.org/bootstrap
26 verbose addNameRange registry:https://registry.npmjs.org/bootstrap not in flight; fetching
27 verbose request uri https://registry.npmjs.org/bootstrap
28 verbose request no auth needed
29 info attempt registry request try #1 at 10:51:53
30 verbose request id df0cd9a55133e7a8
31 verbose etag "EDF6QD7P0AGDMTS9AABY2ZV3T"
32 http request GET https://registry.npmjs.org/bootstrap
33 http 304 https://registry.npmjs.org/bootstrap
34 verbose headers { date: 'Wed, 23 Dec 2015 02:53:03 GMT',
34 verbose headers   via: '1.1 varnish',
34 verbose headers   'cache-control': 'max-age=300',
34 verbose headers   etag: '"EDF6QD7P0AGDMTS9AABY2ZV3T"',
34 verbose headers   age: '256',
34 verbose headers   connection: 'keep-alive',
34 verbose headers   'x-served-by': 'cache-itm7426-ITM',
34 verbose headers   'x-cache': 'HIT',
34 verbose headers   'x-cache-hits': '1',
34 verbose headers   'x-timer': 'S1450839183.449939,VS0,VE0',
34 verbose headers   vary: 'Accept' }
35 silly get cb [ 304,
35 silly get   { date: 'Wed, 23 Dec 2015 02:53:03 GMT',
35 silly get     via: '1.1 varnish',
35 silly get     'cache-control': 'max-age=300',
35 silly get     etag: '"EDF6QD7P0AGDMTS9AABY2ZV3T"',
35 silly get     age: '256',
35 silly get     connection: 'keep-alive',
35 silly get     'x-served-by': 'cache-itm7426-ITM',
35 silly get     'x-cache': 'HIT',
35 silly get     'x-cache-hits': '1',
35 silly get     'x-timer': 'S1450839183.449939,VS0,VE0',
35 silly get     vary: 'Accept' } ]
36 verbose etag https://registry.npmjs.org/bootstrap from cache
37 verbose get saving bootstrap to C:\Users\ly-zhangxianggeng\AppData\Roaming\npm-cache\registry.npmjs.org\bootstrap\.cache.json
38 silly addNameRange number 2 { name: 'bootstrap', range: '*', hasData: true }
39 silly addNameRange versions [ 'bootstrap',
39 silly addNameRange   [ '0.0.1',
39 silly addNameRange     '0.0.2',
39 silly addNameRange     '3.1.1',
39 silly addNameRange     '3.2.0',
39 silly addNameRange     '3.3.0',
39 silly addNameRange     '3.3.1',
39 silly addNameRange     '3.3.2',
39 silly addNameRange     '3.3.4',
39 silly addNameRange     '3.3.5',
39 silly addNameRange     '3.3.6',
39 silly addNameRange     '4.0.0-alpha.2' ] ]
40 silly addNamed bootstrap@3.3.6
41 verbose addNamed "3.3.6" is a plain semver version for bootstrap
42 silly cache afterAdd bootstrap@3.3.6
43 verbose afterAdd C:\Users\ly-zhangxianggeng\AppData\Roaming\npm-cache\bootstrap\3.3.6\package\package.json not in flight; writing
44 verbose afterAdd C:\Users\ly-zhangxianggeng\AppData\Roaming\npm-cache\bootstrap\3.3.6\package\package.json written
45 silly install resolved [ { name: 'bootstrap',
45 silly install resolved     description: 'The most popular front-end framework for developing responsive, mobile first projects on the web.',
45 silly install resolved     version: '3.3.6',
45 silly install resolved     keywords:
45 silly install resolved      [ 'css',
45 silly install resolved        'less',
45 silly install resolved        'mobile-first',
45 silly install resolved        'responsive',
45 silly install resolved        'front-end',
45 silly install resolved        'framework',
45 silly install resolved        'web' ],
45 silly install resolved     homepage: 'http://getbootstrap.com',
45 silly install resolved     author: { name: 'Twitter, Inc.' },
45 silly install resolved     scripts: { test: 'grunt test' },
45 silly install resolved     style: 'dist/css/bootstrap.css',
45 silly install resolved     less: 'less/bootstrap.less',
45 silly install resolved     main: './dist/js/npm',
45 silly install resolved     repository:
45 silly install resolved      { type: 'git',
45 silly install resolved        url: 'git+https://github.com/twbs/bootstrap.git' },
45 silly install resolved     bugs: { url: 'https://github.com/twbs/bootstrap/issues' },
45 silly install resolved     license: 'MIT',
45 silly install resolved     devDependencies:
45 silly install resolved      { btoa: '~1.1.2',
45 silly install resolved        glob: '~6.0.1',
45 silly install resolved        grunt: '~0.4.5',
45 silly install resolved        'grunt-autoprefixer': '~3.0.3',
45 silly install resolved        'grunt-contrib-clean': '~0.6.0',
45 silly install resolved        'grunt-contrib-compress': '~0.14.0',
45 silly install resolved        'grunt-contrib-concat': '~0.5.1',
45 silly install resolved        'grunt-contrib-connect': '~0.11.2',
45 silly install resolved        'grunt-contrib-copy': '~0.8.0',
45 silly install resolved        'grunt-contrib-csslint': '~0.5.0',
45 silly install resolved        'grunt-contrib-cssmin': '~0.14.0',
45 silly install resolved        'grunt-contrib-htmlmin': '~0.6.0',
45 silly install resolved        'grunt-contrib-jade': '~0.15.0',
45 silly install resolved        'grunt-contrib-jshint': '~0.11.2',
45 silly install resolved        'grunt-contrib-less': '~1.1.0',
45 silly install resolved        'grunt-contrib-qunit': '~0.7.0',
45 silly install resolved        'grunt-contrib-uglify': '~0.9.2',
45 silly install resolved        'grunt-contrib-watch': '~0.6.1',
45 silly install resolved        'grunt-csscomb': '~3.1.0',
45 silly install resolved        'grunt-exec': '~0.4.6',
45 silly install resolved        'grunt-html': '~5.0.1',
45 silly install resolved        'grunt-jekyll': '~0.4.2',
45 silly install resolved        'grunt-jscs': '~2.3.0',
45 silly install resolved        'grunt-saucelabs': '~8.6.1',
45 silly install resolved        'grunt-sed': 'github:twbs/grunt-sed#v0.2.0',
45 silly install resolved        'load-grunt-tasks': '~3.3.0',
45 silly install resolved        'markdown-it': '^5.0.0',
45 silly install resolved        'npm-shrinkwrap': '^200.4.0',
45 silly install resolved        'time-grunt': '^1.2.1' },
45 silly install resolved     engines: { node: '>=0.10.1' },
45 silly install resolved     files:
45 silly install resolved      [ 'dist',
45 silly install resolved        'fonts',
45 silly install resolved        'grunt',
45 silly install resolved        'js/*.js',
45 silly install resolved        'less/**/*.less',
45 silly install resolved        'Gruntfile.js',
45 silly install resolved        'LICENSE' ],
45 silly install resolved     jspm: { main: 'js/bootstrap', shim: [Object], files: [Object] },
45 silly install resolved     gitHead: '81df608a40bf0629a1dc08e584849bb1e43e0b7a',
45 silly install resolved     _id: 'bootstrap@3.3.6',
45 silly install resolved     _shasum: '8de8f749dc8a743f2ac5b510d988371e3daa6589',
45 silly install resolved     _from: 'bootstrap@*',
45 silly install resolved     _npmVersion: '2.11.3',
45 silly install resolved     _nodeVersion: '0.12.7',
45 silly install resolved     _npmUser: { name: 'twbs', email: 'getbootstrap@gmail.com' },
45 silly install resolved     dist:
45 silly install resolved      { shasum: '8de8f749dc8a743f2ac5b510d988371e3daa6589',
45 silly install resolved        tarball: 'http://registry.npmjs.org/bootstrap/-/bootstrap-3.3.6.tgz' },
45 silly install resolved     maintainers: [ [Object] ],
45 silly install resolved     directories: {},
45 silly install resolved     _resolved: 'https://registry.npmjs.org/bootstrap/-/bootstrap-3.3.6.tgz',
45 silly install resolved     readme: 'ERROR: No README data found!' } ]
46 info install bootstrap@3.3.6 into E:\pro6\07leinuo\knowfirst\leinuo
47 info installOne bootstrap@3.3.6
48 verbose installOne of bootstrap to E:\pro6\07leinuo\knowfirst\leinuo not in flight; installing
49 verbose lock using C:\Users\ly-zhangxianggeng\AppData\Roaming\npm-cache\_locks\bootstrap-459d6fee604e8077.lock for E:\pro6\07leinuo\knowfirst\leinuo\node_modules\bootstrap
50 silly install write writing bootstrap 3.3.6 to E:\pro6\07leinuo\knowfirst\leinuo\node_modules\bootstrap
51 verbose unbuild node_modules\bootstrap
52 silly gentlyRm E:\pro6\07leinuo\knowfirst\leinuo\node_modules\bootstrap is being purged from base E:\pro6\07leinuo\knowfirst\leinuo
53 verbose gentlyRm don't care about contents; nuking E:\pro6\07leinuo\knowfirst\leinuo\node_modules\bootstrap
54 verbose tar unpack C:\Users\ly-zhangxianggeng\AppData\Roaming\npm-cache\bootstrap\3.3.6\package.tgz
55 verbose tar unpacking to E:\pro6\07leinuo\knowfirst\leinuo\node_modules\bootstrap
56 silly gentlyRm E:\pro6\07leinuo\knowfirst\leinuo\node_modules\bootstrap is being purged
57 verbose gentlyRm don't care about contents; nuking E:\pro6\07leinuo\knowfirst\leinuo\node_modules\bootstrap
58 silly gunzTarPerm modes [ '777', '666' ]
59 silly gunzTarPerm extractEntry package.json
60 silly gunzTarPerm modified mode [ 'package.json', 420, 438 ]
61 silly gunzTarPerm extractEntry README.md
62 silly gunzTarPerm modified mode [ 'README.md', 420, 438 ]
63 silly gunzTarPerm extractEntry LICENSE
64 silly gunzTarPerm modified mode [ 'LICENSE', 420, 438 ]
65 silly gunzTarPerm extractEntry Gruntfile.js
66 silly gunzTarPerm modified mode [ 'Gruntfile.js', 420, 438 ]
67 silly gunzTarPerm extractEntry CHANGELOG.md
68 silly gunzTarPerm modified mode [ 'CHANGELOG.md', 420, 438 ]
69 silly gunzTarPerm extractEntry dist/css/bootstrap-theme.css
70 silly gunzTarPerm modified mode [ 'dist/css/bootstrap-theme.css', 420, 438 ]
71 silly gunzTarPerm extractEntry dist/css/bootstrap-theme.css.map
72 silly gunzTarPerm modified mode [ 'dist/css/bootstrap-theme.css.map', 420, 438 ]
73 silly gunzTarPerm extractEntry dist/css/bootstrap-theme.min.css
74 silly gunzTarPerm modified mode [ 'dist/css/bootstrap-theme.min.css', 420, 438 ]
75 silly gunzTarPerm extractEntry dist/css/bootstrap-theme.min.css.map
76 silly gunzTarPerm modified mode [ 'dist/css/bootstrap-theme.min.css.map', 420, 438 ]
77 silly gunzTarPerm extractEntry dist/css/bootstrap.css
78 silly gunzTarPerm modified mode [ 'dist/css/bootstrap.css', 420, 438 ]
79 silly gunzTarPerm extractEntry dist/css/bootstrap.css.map
80 silly gunzTarPerm modified mode [ 'dist/css/bootstrap.css.map', 420, 438 ]
81 silly gunzTarPerm extractEntry dist/css/bootstrap.min.css
82 silly gunzTarPerm modified mode [ 'dist/css/bootstrap.min.css', 420, 438 ]
83 silly gunzTarPerm extractEntry dist/css/bootstrap.min.css.map
84 silly gunzTarPerm modified mode [ 'dist/css/bootstrap.min.css.map', 420, 438 ]
85 silly gunzTarPerm extractEntry dist/fonts/glyphicons-halflings-regular.eot
86 silly gunzTarPerm modified mode [ 'dist/fonts/glyphicons-halflings-regular.eot', 420, 438 ]
87 silly gunzTarPerm extractEntry dist/fonts/glyphicons-halflings-regular.svg
88 silly gunzTarPerm modified mode [ 'dist/fonts/glyphicons-halflings-regular.svg', 420, 438 ]
89 silly gunzTarPerm extractEntry dist/fonts/glyphicons-halflings-regular.ttf
90 silly gunzTarPerm modified mode [ 'dist/fonts/glyphicons-halflings-regular.ttf', 420, 438 ]
91 silly gunzTarPerm extractEntry dist/fonts/glyphicons-halflings-regular.woff
92 silly gunzTarPerm modified mode [ 'dist/fonts/glyphicons-halflings-regular.woff', 420, 438 ]
93 silly gunzTarPerm extractEntry dist/fonts/glyphicons-halflings-regular.woff2
94 silly gunzTarPerm modified mode [ 'dist/fonts/glyphicons-halflings-regular.woff2', 420, 438 ]
95 silly gunzTarPerm extractEntry dist/js/bootstrap.js
96 silly gunzTarPerm modified mode [ 'dist/js/bootstrap.js', 420, 438 ]
97 silly gunzTarPerm extractEntry dist/js/bootstrap.min.js
98 silly gunzTarPerm modified mode [ 'dist/js/bootstrap.min.js', 420, 438 ]
99 silly gunzTarPerm extractEntry dist/js/npm.js
100 silly gunzTarPerm modified mode [ 'dist/js/npm.js', 420, 438 ]
101 silly gunzTarPerm extractEntry fonts/glyphicons-halflings-regular.eot
102 silly gunzTarPerm modified mode [ 'fonts/glyphicons-halflings-regular.eot', 420, 438 ]
103 silly gunzTarPerm extractEntry fonts/glyphicons-halflings-regular.svg
104 silly gunzTarPerm modified mode [ 'fonts/glyphicons-halflings-regular.svg', 420, 438 ]
105 silly gunzTarPerm extractEntry fonts/glyphicons-halflings-regular.ttf
106 silly gunzTarPerm modified mode [ 'fonts/glyphicons-halflings-regular.ttf', 420, 438 ]
107 silly gunzTarPerm extractEntry fonts/glyphicons-halflings-regular.woff
108 silly gunzTarPerm modified mode [ 'fonts/glyphicons-halflings-regular.woff', 420, 438 ]
109 silly gunzTarPerm extractEntry fonts/glyphicons-halflings-regular.woff2
110 silly gunzTarPerm modified mode [ 'fonts/glyphicons-halflings-regular.woff2', 420, 438 ]
111 silly gunzTarPerm extractEntry grunt/bs-commonjs-generator.js
112 silly gunzTarPerm modified mode [ 'grunt/bs-commonjs-generator.js', 420, 438 ]
113 silly gunzTarPerm extractEntry grunt/bs-glyphicons-data-generator.js
114 silly gunzTarPerm modified mode [ 'grunt/bs-glyphicons-data-generator.js', 420, 438 ]
115 silly gunzTarPerm extractEntry grunt/bs-lessdoc-parser.js
116 silly gunzTarPerm modified mode [ 'grunt/bs-lessdoc-parser.js', 420, 438 ]
117 silly gunzTarPerm extractEntry grunt/bs-raw-files-generator.js
118 silly gunzTarPerm modified mode [ 'grunt/bs-raw-files-generator.js', 420, 438 ]
119 silly gunzTarPerm extractEntry grunt/.jshintrc
120 silly gunzTarPerm modified mode [ 'grunt/.jshintrc', 420, 438 ]
121 silly gunzTarPerm extractEntry grunt/configBridge.json
122 silly gunzTarPerm modified mode [ 'grunt/configBridge.json', 420, 438 ]
123 silly gunzTarPerm extractEntry grunt/sauce_browsers.yml
124 silly gunzTarPerm modified mode [ 'grunt/sauce_browsers.yml', 420, 438 ]
125 silly gunzTarPerm extractEntry js/affix.js
126 silly gunzTarPerm modified mode [ 'js/affix.js', 420, 438 ]
127 silly gunzTarPerm extractEntry js/button.js
128 silly gunzTarPerm modified mode [ 'js/button.js', 420, 438 ]
129 silly gunzTarPerm extractEntry js/carousel.js
130 silly gunzTarPerm modified mode [ 'js/carousel.js', 420, 438 ]
131 silly gunzTarPerm extractEntry js/collapse.js
132 silly gunzTarPerm modified mode [ 'js/collapse.js', 420, 438 ]
133 silly gunzTarPerm extractEntry js/dropdown.js
134 silly gunzTarPerm modified mode [ 'js/dropdown.js', 420, 438 ]
135 silly gunzTarPerm extractEntry js/alert.js
136 silly gunzTarPerm modified mode [ 'js/alert.js', 420, 438 ]
137 silly gunzTarPerm extractEntry js/popover.js
138 silly gunzTarPerm modified mode [ 'js/popover.js', 420, 438 ]
139 silly gunzTarPerm extractEntry js/scrollspy.js
140 silly gunzTarPerm modified mode [ 'js/scrollspy.js', 420, 438 ]
141 silly gunzTarPerm extractEntry js/tab.js
142 silly gunzTarPerm modified mode [ 'js/tab.js', 420, 438 ]
143 silly gunzTarPerm extractEntry js/tooltip.js
144 silly gunzTarPerm modified mode [ 'js/tooltip.js', 420, 438 ]
145 silly gunzTarPerm extractEntry js/transition.js
146 silly gunzTarPerm modified mode [ 'js/transition.js', 420, 438 ]
147 silly gunzTarPerm extractEntry js/modal.js
148 silly gunzTarPerm modified mode [ 'js/modal.js', 420, 438 ]
149 silly gunzTarPerm extractEntry less/mixins.less
150 silly gunzTarPerm modified mode [ 'less/mixins.less', 420, 438 ]
151 silly gunzTarPerm extractEntry less/alerts.less
152 silly gunzTarPerm modified mode [ 'less/alerts.less', 420, 438 ]
153 silly gunzTarPerm extractEntry less/badges.less
154 silly gunzTarPerm modified mode [ 'less/badges.less', 420, 438 ]
155 silly gunzTarPerm extractEntry less/bootstrap.less
156 silly gunzTarPerm modified mode [ 'less/bootstrap.less', 420, 438 ]
157 silly gunzTarPerm extractEntry less/breadcrumbs.less
158 silly gunzTarPerm modified mode [ 'less/breadcrumbs.less', 420, 438 ]
159 silly gunzTarPerm extractEntry less/button-groups.less
160 silly gunzTarPerm modified mode [ 'less/button-groups.less', 420, 438 ]
161 silly gunzTarPerm extractEntry less/buttons.less
162 silly gunzTarPerm modified mode [ 'less/buttons.less', 420, 438 ]
163 silly gunzTarPerm extractEntry less/carousel.less
164 silly gunzTarPerm modified mode [ 'less/carousel.less', 420, 438 ]
165 silly gunzTarPerm extractEntry less/close.less
166 silly gunzTarPerm modified mode [ 'less/close.less', 420, 438 ]
167 silly gunzTarPerm extractEntry less/code.less
168 silly gunzTarPerm modified mode [ 'less/code.less', 420, 438 ]
169 silly gunzTarPerm extractEntry less/component-animations.less
170 silly gunzTarPerm modified mode [ 'less/component-animations.less', 420, 438 ]
171 silly gunzTarPerm extractEntry less/dropdowns.less
172 silly gunzTarPerm modified mode [ 'less/dropdowns.less', 420, 438 ]
173 silly gunzTarPerm extractEntry less/forms.less
174 silly gunzTarPerm modified mode [ 'less/forms.less', 420, 438 ]
175 silly gunzTarPerm extractEntry less/glyphicons.less
176 silly gunzTarPerm modified mode [ 'less/glyphicons.less', 420, 438 ]
177 silly gunzTarPerm extractEntry less/grid.less
178 silly gunzTarPerm modified mode [ 'less/grid.less', 420, 438 ]
179 silly gunzTarPerm extractEntry less/input-groups.less
180 silly gunzTarPerm modified mode [ 'less/input-groups.less', 420, 438 ]
181 silly gunzTarPerm extractEntry less/jumbotron.less
182 silly gunzTarPerm modified mode [ 'less/jumbotron.less', 420, 438 ]
183 silly gunzTarPerm extractEntry less/labels.less
184 silly gunzTarPerm modified mode [ 'less/labels.less', 420, 438 ]
185 silly gunzTarPerm extractEntry less/list-group.less
186 silly gunzTarPerm modified mode [ 'less/list-group.less', 420, 438 ]
187 silly gunzTarPerm extractEntry less/media.less
188 silly gunzTarPerm modified mode [ 'less/media.less', 420, 438 ]
189 silly gunzTarPerm extractEntry less/mixins/nav-vertical-align.less
190 silly gunzTarPerm modified mode [ 'less/mixins/nav-vertical-align.less', 420, 438 ]
191 silly gunzTarPerm extractEntry less/mixins/alerts.less
192 silly gunzTarPerm modified mode [ 'less/mixins/alerts.less', 420, 438 ]
193 silly gunzTarPerm extractEntry less/mixins/border-radius.less
194 silly gunzTarPerm modified mode [ 'less/mixins/border-radius.less', 420, 438 ]
195 silly gunzTarPerm extractEntry less/mixins/buttons.less
196 silly gunzTarPerm modified mode [ 'less/mixins/buttons.less', 420, 438 ]
197 silly gunzTarPerm extractEntry less/mixins/center-block.less
198 silly gunzTarPerm modified mode [ 'less/mixins/center-block.less', 420, 438 ]
199 silly gunzTarPerm extractEntry less/mixins/clearfix.less
200 silly gunzTarPerm modified mode [ 'less/mixins/clearfix.less', 420, 438 ]
201 silly gunzTarPerm extractEntry less/mixins/forms.less
202 silly gunzTarPerm modified mode [ 'less/mixins/forms.less', 420, 438 ]
203 silly gunzTarPerm extractEntry less/mixins/gradients.less
204 silly gunzTarPerm modified mode [ 'less/mixins/gradients.less', 420, 438 ]
205 silly gunzTarPerm extractEntry less/mixins/grid-framework.less
206 silly gunzTarPerm modified mode [ 'less/mixins/grid-framework.less', 420, 438 ]
207 silly gunzTarPerm extractEntry less/mixins/grid.less
208 silly gunzTarPerm modified mode [ 'less/mixins/grid.less', 420, 438 ]
209 silly gunzTarPerm extractEntry less/mixins/hide-text.less
210 silly gunzTarPerm modified mode [ 'less/mixins/hide-text.less', 420, 438 ]
211 silly gunzTarPerm extractEntry less/mixins/image.less
212 silly gunzTarPerm modified mode [ 'less/mixins/image.less', 420, 438 ]
213 silly gunzTarPerm extractEntry less/mixins/labels.less
214 silly gunzTarPerm modified mode [ 'less/mixins/labels.less', 420, 438 ]
215 silly gunzTarPerm extractEntry less/mixins/list-group.less
216 silly gunzTarPerm modified mode [ 'less/mixins/list-group.less', 420, 438 ]
217 silly gunzTarPerm extractEntry less/mixins/nav-divider.less
218 silly gunzTarPerm modified mode [ 'less/mixins/nav-divider.less', 420, 438 ]
219 silly gunzTarPerm extractEntry less/mixins/background-variant.less
220 silly gunzTarPerm modified mode [ 'less/mixins/background-variant.less', 420, 438 ]
221 silly gunzTarPerm extractEntry less/mixins/opacity.less
222 silly gunzTarPerm modified mode [ 'less/mixins/opacity.less', 420, 438 ]
223 silly gunzTarPerm extractEntry less/mixins/pagination.less
224 silly gunzTarPerm modified mode [ 'less/mixins/pagination.less', 420, 438 ]
225 silly gunzTarPerm extractEntry less/mixins/panels.less
226 silly gunzTarPerm modified mode [ 'less/mixins/panels.less', 420, 438 ]
227 silly gunzTarPerm extractEntry less/mixins/progress-bar.less
228 silly gunzTarPerm modified mode [ 'less/mixins/progress-bar.less', 420, 438 ]
229 silly gunzTarPerm extractEntry less/mixins/reset-filter.less
230 silly gunzTarPerm modified mode [ 'less/mixins/reset-filter.less', 420, 438 ]
231 silly gunzTarPerm extractEntry less/mixins/reset-text.less
232 silly gunzTarPerm modified mode [ 'less/mixins/reset-text.less', 420, 438 ]
233 silly gunzTarPerm extractEntry less/mixins/resize.less
234 silly gunzTarPerm modified mode [ 'less/mixins/resize.less', 420, 438 ]
235 silly gunzTarPerm extractEntry less/mixins/responsive-visibility.less
236 silly gunzTarPerm modified mode [ 'less/mixins/responsive-visibility.less', 420, 438 ]
237 silly gunzTarPerm extractEntry less/mixins/size.less
238 silly gunzTarPerm modified mode [ 'less/mixins/size.less', 420, 438 ]
239 silly gunzTarPerm extractEntry less/mixins/tab-focus.less
240 silly gunzTarPerm modified mode [ 'less/mixins/tab-focus.less', 420, 438 ]
241 silly gunzTarPerm extractEntry less/mixins/table-row.less
242 silly gunzTarPerm modified mode [ 'less/mixins/table-row.less', 420, 438 ]
243 silly gunzTarPerm extractEntry less/mixins/text-emphasis.less
244 silly gunzTarPerm modified mode [ 'less/mixins/text-emphasis.less', 420, 438 ]
245 silly gunzTarPerm extractEntry less/mixins/text-overflow.less
246 silly gunzTarPerm modified mode [ 'less/mixins/text-overflow.less', 420, 438 ]
247 silly gunzTarPerm extractEntry less/mixins/vendor-prefixes.less
248 silly gunzTarPerm modified mode [ 'less/mixins/vendor-prefixes.less', 420, 438 ]
249 silly gunzTarPerm extractEntry less/modals.less
250 silly gunzTarPerm modified mode [ 'less/modals.less', 420, 438 ]
251 silly gunzTarPerm extractEntry less/navbar.less
252 silly gunzTarPerm modified mode [ 'less/navbar.less', 420, 438 ]
253 silly gunzTarPerm extractEntry less/navs.less
254 silly gunzTarPerm modified mode [ 'less/navs.less', 420, 438 ]
255 silly gunzTarPerm extractEntry less/normalize.less
256 silly gunzTarPerm modified mode [ 'less/normalize.less', 420, 438 ]
257 silly gunzTarPerm extractEntry less/pager.less
258 silly gunzTarPerm modified mode [ 'less/pager.less', 420, 438 ]
259 silly gunzTarPerm extractEntry less/pagination.less
260 silly gunzTarPerm modified mode [ 'less/pagination.less', 420, 438 ]
261 silly gunzTarPerm extractEntry less/panels.less
262 silly gunzTarPerm modified mode [ 'less/panels.less', 420, 438 ]
263 silly gunzTarPerm extractEntry less/popovers.less
264 silly gunzTarPerm modified mode [ 'less/popovers.less', 420, 438 ]
265 silly gunzTarPerm extractEntry less/print.less
266 silly gunzTarPerm modified mode [ 'less/print.less', 420, 438 ]
267 silly gunzTarPerm extractEntry less/progress-bars.less
268 silly gunzTarPerm modified mode [ 'less/progress-bars.less', 420, 438 ]
269 silly gunzTarPerm extractEntry less/responsive-embed.less
270 silly gunzTarPerm modified mode [ 'less/responsive-embed.less', 420, 438 ]
271 silly gunzTarPerm extractEntry less/responsive-utilities.less
272 silly gunzTarPerm modified mode [ 'less/responsive-utilities.less', 420, 438 ]
273 silly gunzTarPerm extractEntry less/scaffolding.less
274 silly gunzTarPerm modified mode [ 'less/scaffolding.less', 420, 438 ]
275 silly gunzTarPerm extractEntry less/tables.less
276 silly gunzTarPerm modified mode [ 'less/tables.less', 420, 438 ]
277 silly gunzTarPerm extractEntry less/theme.less
278 silly gunzTarPerm modified mode [ 'less/theme.less', 420, 438 ]
279 silly gunzTarPerm extractEntry less/thumbnails.less
280 silly gunzTarPerm modified mode [ 'less/thumbnails.less', 420, 438 ]
281 silly gunzTarPerm extractEntry less/tooltip.less
282 silly gunzTarPerm modified mode [ 'less/tooltip.less', 420, 438 ]
283 silly gunzTarPerm extractEntry less/type.less
284 silly gunzTarPerm modified mode [ 'less/type.less', 420, 438 ]
285 silly gunzTarPerm extractEntry less/utilities.less
286 silly gunzTarPerm modified mode [ 'less/utilities.less', 420, 438 ]
287 silly gunzTarPerm extractEntry less/variables.less
288 silly gunzTarPerm modified mode [ 'less/variables.less', 420, 438 ]
289 silly gunzTarPerm extractEntry less/wells.less
290 silly gunzTarPerm modified mode [ 'less/wells.less', 420, 438 ]
291 verbose write writing to E:\pro6\07leinuo\knowfirst\leinuo\node_modules\bootstrap\package.json
292 info preinstall bootstrap@3.3.6
293 verbose readDependencies loading dependencies from E:\pro6\07leinuo\knowfirst\leinuo\node_modules\bootstrap\package.json
294 verbose readDependencies loading dependencies from E:\pro6\07leinuo\knowfirst\leinuo\node_modules\bootstrap\package.json
295 silly install resolved []
296 verbose about to build E:\pro6\07leinuo\knowfirst\leinuo\node_modules\bootstrap
297 info build E:\pro6\07leinuo\knowfirst\leinuo\node_modules\bootstrap
298 info linkStuff bootstrap@3.3.6
299 silly linkStuff bootstrap@3.3.6 has E:\pro6\07leinuo\knowfirst\leinuo\node_modules as its parent node_modules
300 verbose linkBins bootstrap@3.3.6
301 verbose linkMans bootstrap@3.3.6
302 verbose rebuildBundles bootstrap@3.3.6
303 info install bootstrap@3.3.6
304 info postinstall bootstrap@3.3.6
305 verbose unlock done using C:\Users\ly-zhangxianggeng\AppData\Roaming\npm-cache\_locks\bootstrap-459d6fee604e8077.lock for E:\pro6\07leinuo\knowfirst\leinuo\node_modules\bootstrap
306 verbose validateInstall loading E:\pro6\07leinuo\knowfirst\leinuo\package.json for validation
307 verbose save saving { bootstrap: '^3.3.6' }
308 silly save writing E:\pro6\07leinuo\knowfirst\leinuo\package.json
309 verbose stack Error: EPERM: operation not permitted, rename 'E:\pro6\07leinuo\knowfirst\leinuo\package.json.679ae1569e7c8ce0bd3bd319951d9741' -> 'E:\pro6\07leinuo\knowfirst\leinuo\package.json'
309 verbose stack     at Error (native)
310 verbose cwd E:\pro6\07leinuo\knowfirst\leinuo
311 error Windows_NT 6.1.7601
312 error argv "D:\\Program Files\\nodejs\\node.exe" "D:\\Program Files\\nodejs\\node_modules\\npm\\bin\\npm-cli.js" "i" "bootstrap" "--save-dev"
313 error node v4.2.1
314 error npm  v2.14.7
315 error path E:\pro6\07leinuo\knowfirst\leinuo\package.json.679ae1569e7c8ce0bd3bd319951d9741
316 error code EPERM
317 error errno -4048
318 error syscall rename
319 error Error: EPERM: operation not permitted, rename 'E:\pro6\07leinuo\knowfirst\leinuo\package.json.679ae1569e7c8ce0bd3bd319951d9741' -> 'E:\pro6\07leinuo\knowfirst\leinuo\package.json'
319 error     at Error (native)
319 error  { [Error: EPERM: operation not permitted, rename 'E:\pro6\07leinuo\knowfirst\leinuo\package.json.679ae1569e7c8ce0bd3bd319951d9741' -> 'E:\pro6\07leinuo\knowfirst\leinuo\package.json']
319 error   errno: -4048,
319 error   code: 'EPERM',
319 error   syscall: 'rename',
319 error   path: 'E:\\pro6\\07leinuo\\knowfirst\\leinuo\\package.json.679ae1569e7c8ce0bd3bd319951d9741',
319 error   dest: 'E:\\pro6\\07leinuo\\knowfirst\\leinuo\\package.json' }
320 error Please try running this command again as root/Administrator.
321 verbose exit [ -4048, true ]
